W: no synset for word UNKNOWN-a
W: no synset for word UNKNOWN-a
W: no synset for word UNKNOWN-a
W: no synset for word UNKNOWN-a
W: no synset for word UNKNOWN-a
W: no synset for word UNKNOWN-a
W: no synset for word anything-n
W: no synset for word anything-n
W: no synset for word anything-n
W: no synset for word anything-n
W: no synset for word anything-n
W: no synset for word anything-n
W: no synset for word anything-n
W: no synset for word anything-n
W: no synset for word anything-n
W: no synset for word as_usual-a
W: no synset for word as_usual-a
W: no synset for word UNKNOWN-n
W: no synset for word UNKNOWN-n
W: no synset for word UNKNOWN-n
W: no synset for word UNKNOWN-n
W: no synset for word UNKNOWN-n
W: no synset for word UNKNOWN-n
W: no synset for word UNKNOWN-n
W: no synset for word UNKNOWN-a
W: no synset for word UNKNOWN-a
W: no synset for word american-n
W: no synset for word american-n
W: no synset for word minimalist-a
W: no synset for word minimalist-a
W: no synset for word UNKNOWN-a
W: no synset for word UNKNOWN-a
W: no synset for word minimalist-a
W: no synset for word UNKNOWN-n
W: no synset for word UNKNOWN-n
W: no synset for word UNKNOWN-n
W: no synset for word UNKNOWN-n
W: no synset for word UNKNOWN-n
W: no synset for word UNKNOWN-n
W: no synset for word UNKNOWN-n
W: no synset for word UNKNOWN-n
W: no synset for word UNKNOWN-n
W: no synset for word UNKNOWN-n
W: no synset for word UNKNOWN-n
W: no synset for word UNKNOWN-n
W: no synset for word UNKNOWN-a
W: no synset for word UNKNOWN-n
W: no synset for word UNKNOWN-n
W: no synset for word UNKNOWN-n
W: no synset for word UNKNOWN-n
W: no synset for word UNKNOWN-n
W: no synset for word UNKNOWN-n
W: no synset for word UNKNOWN-n
W: no synset for word UNKNOWN-n
W: no synset for word UNKNOWN-n
W: no synset for word UNKNOWN-n
W: no synset for word UNKNOWN-n
W: no synset for word UNKNOWN-a
W: no synset for word UNKNOWN-n
W: no synset for word UNKNOWN-n
W: no synset for word UNKNOWN-n
W: no synset for word UNKNOWN-n
W: no synset for word UNKNOWN-n
W: no synset for word UNKNOWN-n
W: no synset for word UNKNOWN-a
W: no synset for word UNKNOWN-n
W: no synset for word UNKNOWN-a
W: no synset for word UNKNOWN-n
W: no synset for word UNKNOWN-a
W: no synset for word UNKNOWN-n
W: no synset for word UNKNOWN-n
W: no synset for word UNKNOWN-n
W: no synset for word UNKNOWN-n
W: no synset for word UNKNOWN-a
W: no synset for word UNKNOWN-a
W: no synset for word UNKNOWN-a
W: no synset for word UNKNOWN-n
W: no synset for word UNKNOWN-n
W: no synset for word UNKNOWN-n
W: no synset for word UNKNOWN-n
W: no synset for word UNKNOWN-n
W: no synset for word 55th-a
W: no synset for word 55th-a
W: no synset for word 55th-a
W: no synset for word 55th-a
W: no synset for word 55th-a
W: no synset for word UNKNOWN-v
W: no synset for word UNKNOWN-v
W: no synset for word UNKNOWN-v
W: no synset for word UNKNOWN-n
W: no synset for word UNKNOWN-n
W: no synset for word UNKNOWN-n
W: no synset for word UNKNOWN-n
W: no synset for word UNKNOWN-n
